#! /usr/local/Cellar/icarus-verilog/12.0/bin/vvp
:ivl_version "12.0 (stable)";
:ivl_delay_selection "TYPICAL";
:vpi_time_precision + 0;
:vpi_module "/usr/local/Cellar/icarus-verilog/12.0/lib/ivl/system.vpi";
:vpi_module "/usr/local/Cellar/icarus-verilog/12.0/lib/ivl/vhdl_sys.vpi";
:vpi_module "/usr/local/Cellar/icarus-verilog/12.0/lib/ivl/vhdl_textio.vpi";
:vpi_module "/usr/local/Cellar/icarus-verilog/12.0/lib/ivl/v2005_math.vpi";
:vpi_module "/usr/local/Cellar/icarus-verilog/12.0/lib/ivl/va_math.vpi";
S_0x7fccc17067b0 .scope module, "mux2" "mux2" 2 1;
 .timescale 0 0;
    .port_info 0 /INPUT 1 "a";
    .port_info 1 /INPUT 1 "b";
    .port_info 2 /INPUT 1 "s";
    .port_info 3 /OUTPUT 1 "y";
o0x7fccc2832008 .functor BUFZ 1, C4<z>; HiZ drive
v0x7fccc1706960_0 .net "a", 0 0, o0x7fccc2832008;  0 drivers
o0x7fccc2832038 .functor BUFZ 1, C4<z>; HiZ drive
v0x7fccc2a04cf0_0 .net "b", 0 0, o0x7fccc2832038;  0 drivers
o0x7fccc2832068 .functor BUFZ 1, C4<z>; HiZ drive
v0x7fccc2a04da0_0 .net "s", 0 0, o0x7fccc2832068;  0 drivers
v0x7fccc2a04e50_0 .var "y", 0 0;
E_0x7fccc1706920 .event anyedge, v0x7fccc2a04da0_0, v0x7fccc2a04cf0_0, v0x7fccc1706960_0;
    .scope S_0x7fccc17067b0;
T_0 ;
    %wait E_0x7fccc1706920;
    %load/vec4 v0x7fccc2a04da0_0;
    %inv;
    %load/vec4 v0x7fccc1706960_0;
    %and;
    %load/vec4 v0x7fccc2a04da0_0;
    %load/vec4 v0x7fccc2a04cf0_0;
    %and;
    %or;
    %store/vec4 v0x7fccc2a04e50_0, 0, 1;
    %jmp T_0;
    .thread T_0, $push;
# The file index is used to find the file name in the following table.
:file_names 3;
    "N/A";
    "<interactive>";
    "MDSD/Introduction_to_Verilog_zyLabs/mux2.v";
